<?xml version="1.0" encoding="UTF-8"?>
<!-- Generated by org.testng.reporters.JUnitXMLReporter -->
<testsuite hostname="SRINIVAS-PC" ignored="0" name="BankingApp Test(failed)" tests="1" failures="1" timestamp="18 Jul 2019 01:20:32 GMT" time="12.406" errors="0">
  <testcase name="loginTest" time="2.522" classname="com.guru99bank.testCases.TC_LoginTest_001">
    <failure type="java.lang.AssertionError" message="expected [true] but found [false]">
      <![CDATA[java.lang.AssertionError: expected [true] but found [false]
at com.guru99bank.testCases.TC_LoginTest_001.loginTest(TC_LoginTest_001.java:31)
... Removed 29 stack frames]]>
    </failure>
  </testcase> <!-- loginTest -->
</testsuite> <!-- BankingApp Test(failed) -->
